<?xml version="1.0" encoding="UTF-8"?>
<!-- Generated by org.testng.reporters.JUnitReportReporter -->
<testsuite hostname="Ramachandran" name="com.framework.testcases.LoginTestCase" tests="2" failures="0" timestamp="7 Sep 2019 16:25:07 GMT" time="3.358" errors="0">
  <testcase name="testMethod2" time="1.029" classname="com.framework.testcases.LoginTestCase"/>
  <testcase name="loginApp" time="2.329" classname="com.framework.testcases.LoginTestCase"/>
</testsuite> <!-- com.framework.testcases.LoginTestCase -->
